{"/home/ruslanrust/projects/frontend-project-lvl2/src/index.js": {"path":"/home/ruslanrust/projects/frontend-project-lvl2/src/index.js","all":false,"statementMap":{"0":{"start":{"line":1,"column":0},"end":{"line":1,"column":24}},"1":{"start":{"line":2,"column":0},"end":{"line":2,"column":20}},"2":{"start":{"line":3,"column":0},"end":{"line":3,"column":23}},"3":{"start":{"line":4,"column":0},"end":{"line":4,"column":0}},"4":{"start":{"line":5,"column":0},"end":{"line":5,"column":32}},"5":{"start":{"line":6,"column":0},"end":{"line":6,"column":57}},"6":{"start":{"line":7,"column":0},"end":{"line":7,"column":44}},"7":{"start":{"line":8,"column":0},"end":{"line":8,"column":2}},"8":{"start":{"line":9,"column":0},"end":{"line":9,"column":0}},"9":{"start":{"line":10,"column":0},"end":{"line":10,"column":43}},"10":{"start":{"line":11,"column":0},"end":{"line":11,"column":36}},"11":{"start":{"line":12,"column":0},"end":{"line":12,"column":36}},"12":{"start":{"line":13,"column":0},"end":{"line":13,"column":37}},"13":{"start":{"line":14,"column":0},"end":{"line":14,"column":0}},"14":{"start":{"line":15,"column":0},"end":{"line":15,"column":36}},"15":{"start":{"line":16,"column":0},"end":{"line":16,"column":36}},"16":{"start":{"line":17,"column":0},"end":{"line":17,"column":37}},"17":{"start":{"line":18,"column":0},"end":{"line":18,"column":0}},"18":{"start":{"line":19,"column":0},"end":{"line":19,"column":44}},"19":{"start":{"line":20,"column":0},"end":{"line":20,"column":35}},"20":{"start":{"line":21,"column":0},"end":{"line":21,"column":39}},"21":{"start":{"line":22,"column":0},"end":{"line":22,"column":43}},"22":{"start":{"line":23,"column":0},"end":{"line":23,"column":5}},"23":{"start":{"line":24,"column":0},"end":{"line":24,"column":39}},"24":{"start":{"line":25,"column":0},"end":{"line":25,"column":43}},"25":{"start":{"line":26,"column":0},"end":{"line":26,"column":5}},"26":{"start":{"line":27,"column":0},"end":{"line":27,"column":40}},"27":{"start":{"line":28,"column":0},"end":{"line":28,"column":72}},"28":{"start":{"line":29,"column":0},"end":{"line":29,"column":5}},"29":{"start":{"line":30,"column":0},"end":{"line":30,"column":0}},"30":{"start":{"line":31,"column":0},"end":{"line":31,"column":41}},"31":{"start":{"line":32,"column":0},"end":{"line":32,"column":5}},"32":{"start":{"line":33,"column":0},"end":{"line":33,"column":0}},"33":{"start":{"line":34,"column":0},"end":{"line":34,"column":41}},"34":{"start":{"line":35,"column":0},"end":{"line":35,"column":2}},"35":{"start":{"line":36,"column":0},"end":{"line":36,"column":0}},"36":{"start":{"line":37,"column":0},"end":{"line":37,"column":23}}},"s":{"0":1,"1":1,"2":1,"3":1,"4":1,"5":2,"6":2,"7":2,"8":1,"9":1,"10":1,"11":1,"12":1,"13":1,"14":1,"15":1,"16":1,"17":1,"18":1,"19":1,"20":5,"21":1,"22":1,"23":5,"24":2,"25":2,"26":5,"27":1,"28":1,"29":1,"30":1,"31":1,"32":1,"33":1,"34":1,"35":1,"36":1},"branchMap":{"0":{"type":"branch","line":5,"loc":{"start":{"line":5,"column":18},"end":{"line":8,"column":2}},"locations":[{"start":{"line":5,"column":18},"end":{"line":8,"column":2}}]},"1":{"type":"branch","line":10,"loc":{"start":{"line":10,"column":16},"end":{"line":35,"column":2}},"locations":[{"start":{"line":10,"column":16},"end":{"line":35,"column":2}}]},"2":{"type":"branch","line":20,"loc":{"start":{"line":20,"column":26},"end":{"line":32,"column":5}},"locations":[{"start":{"line":20,"column":26},"end":{"line":32,"column":5}}]},"3":{"type":"branch","line":21,"loc":{"start":{"line":21,"column":38},"end":{"line":23,"column":5}},"locations":[{"start":{"line":21,"column":38},"end":{"line":23,"column":5}}]},"4":{"type":"branch","line":24,"loc":{"start":{"line":24,"column":-1},"end":{"line":24,"column":8}},"locations":[{"start":{"line":24,"column":-1},"end":{"line":24,"column":8}}]},"5":{"type":"branch","line":24,"loc":{"start":{"line":24,"column":38},"end":{"line":27,"column":8}},"locations":[{"start":{"line":24,"column":38},"end":{"line":27,"column":8}}]},"6":{"type":"branch","line":27,"loc":{"start":{"line":27,"column":39},"end":{"line":32,"column":5}},"locations":[{"start":{"line":27,"column":39},"end":{"line":32,"column":5}}]}},"b":{"0":[2],"1":[1],"2":[5],"3":[1],"4":[4],"5":[2],"6":[1]},"fnMap":{"0":{"name":"readFile","decl":{"start":{"line":5,"column":18},"end":{"line":8,"column":2}},"loc":{"start":{"line":5,"column":18},"end":{"line":8,"column":2}},"line":5},"1":{"name":"genDiff","decl":{"start":{"line":10,"column":16},"end":{"line":35,"column":2}},"loc":{"start":{"line":10,"column":16},"end":{"line":35,"column":2}},"line":10}},"f":{"0":2,"1":1}}
}
