TN:
SF:src/index.js
FN:5,readFile
FN:10,genDiff
FNF:2
FNH:2
FNDA:2,readFile
FNDA:1,genDiff
DA:1,1
DA:2,1
DA:3,1
DA:4,1
DA:5,1
DA:6,2
DA:7,2
DA:8,2
DA:9,1
DA:10,1
DA:11,1
DA:12,1
DA:13,1
DA:14,1
DA:15,1
DA:16,1
DA:17,1
DA:18,1
DA:19,1
DA:20,1
DA:21,5
DA:22,1
DA:23,1
DA:24,5
DA:25,2
DA:26,2
DA:27,5
DA:28,1
DA:29,1
DA:30,1
DA:31,1
DA:32,1
DA:33,1
DA:34,1
DA:35,1
DA:36,1
DA:37,1
LF:37
LH:37
BRDA:5,0,0,2
BRDA:10,1,0,1
BRDA:20,2,0,5
BRDA:21,3,0,1
BRDA:24,4,0,4
BRDA:24,5,0,2
BRDA:27,6,0,1
BRF:7
BRH:7
end_of_record
